{"uuid":"cc1d15bf-1ad7-42da-8114-8c8779a93099","historyId":"2fbe973cc8f8a27bd9b69370fe63d347","fullName":"com.epam.tc.hw4.tests.HomePageFailedTest.homePageFailedTest","labels":[{"name":"package","value":"com.epam.tc.hw4.tests.HomePageFailedTest"},{"name":"testClass","value":"com.epam.tc.hw4.tests.HomePageFailedTest"},{"name":"testMethod","value":"homePageFailedTest"},{"name":"parentSuite","value":"Default Suite"},{"name":"suite","value":"MeerimErmekbaeva"},{"name":"subSuite","value":"com.epam.tc.hw4.tests.HomePageFailedTest"},{"name":"host","value":"mika-ThinkPad-X1-Extreme-2nd"},{"name":"thread","value":"268936@mika-ThinkPad-X1-Extreme-2nd.main(1)"},{"name":"framework","value":"testng"},{"name":"language","value":"java"},{"name":"story","value":"Exercise 1 Failed home page test"},{"name":"feature","value":"Homework 4"}],"links":[],"name":"homePageFailedTest","status":"failed","statusDetails":{"known":false,"muted":false,"flaky":false,"message":"","trace":"java.lang.AssertionError: \n\tat org.testng.AssertJUnit.fail(AssertJUnit.java:65)\n\tat org.testng.AssertJUnit.assertTrue(AssertJUnit.java:23)\n\tat org.testng.AssertJUnit.assertTrue(AssertJUnit.java:33)\n\tat com.epam.tc.hw4.tests.HomePageFailedTest.checkUserIsLogined(HomePageFailedTest.java:60)\n\tat com.epam.tc.hw4.tests.HomePageFailedTest.homePageFailedTest(HomePageFailedTest.java:36)\n\tat java.base/jdk.internal.reflect.NativeMethodAccessorImpl.invoke0(Native Method)\n\tat java.base/jdk.internal.reflect.NativeMethodAccessorImpl.invoke(NativeMethodAccessorImpl.java:62)\n\tat java.base/jdk.internal.reflect.DelegatingMethodAccessorImpl.invoke(DelegatingMethodAccessorImpl.java:43)\n\tat java.base/java.lang.reflect.Method.invoke(Method.java:566)\n\tat org.testng.internal.MethodInvocationHelper.invokeMethod(MethodInvocationHelper.java:133)\n\tat org.testng.internal.TestInvoker.invokeMethod(TestInvoker.java:598)\n\tat org.testng.internal.TestInvoker.invokeTestMethod(TestInvoker.java:173)\n\tat org.testng.internal.MethodRunner.runInSequence(MethodRunner.java:46)\n\tat org.testng.internal.TestInvoker$MethodInvocationAgent.invoke(TestInvoker.java:824)\n\tat org.testng.internal.TestInvoker.invokeTestMethods(TestInvoker.java:146)\n\tat org.testng.internal.TestMethodWorker.invokeTestMethods(TestMethodWorker.java:146)\n\tat org.testng.internal.TestMethodWorker.run(TestMethodWorker.java:128)\n\tat java.base/java.util.ArrayList.forEach(ArrayList.java:1541)\n\tat org.testng.TestRunner.privateRun(TestRunner.java:794)\n\tat org.testng.TestRunner.run(TestRunner.java:596)\n\tat org.testng.SuiteRunner.runTest(SuiteRunner.java:377)\n\tat org.testng.SuiteRunner.runSequentially(SuiteRunner.java:371)\n\tat org.testng.SuiteRunner.privateRun(SuiteRunner.java:332)\n\tat org.testng.SuiteRunner.run(SuiteRunner.java:276)\n\tat org.testng.SuiteRunnerWorker.runSuite(SuiteRunnerWorker.java:53)\n\tat org.testng.SuiteRunnerWorker.run(SuiteRunnerWorker.java:96)\n\tat org.testng.TestNG.runSuitesSequentially(TestNG.java:1212)\n\tat org.testng.TestNG.runSuitesLocally(TestNG.java:1134)\n\tat org.testng.TestNG.runSuites(TestNG.java:1063)\n\tat org.testng.TestNG.run(TestNG.java:1031)\n\tat com.intellij.rt.testng.IDEARemoteTestNG.run(IDEARemoteTestNG.java:66)\n\tat com.intellij.rt.testng.RemoteTestNGStarter.main(RemoteTestNGStarter.java:109)\n"},"stage":"finished","steps":[{"name":"Assert Browser title","status":"passed","stage":"finished","steps":[],"attachments":[],"parameters":[],"start":1635772880404,"stop":1635772880410},{"name":"Perform login","status":"passed","stage":"finished","steps":[],"attachments":[],"parameters":[],"start":1635772880411,"stop":1635772880587},{"name":"Assert Username is loggined","status":"failed","statusDetails":{"known":false,"muted":false,"flaky":false,"message":"","trace":"java.lang.AssertionError: \n\tat org.testng.AssertJUnit.fail(AssertJUnit.java:65)\n\tat org.testng.AssertJUnit.assertTrue(AssertJUnit.java:23)\n\tat org.testng.AssertJUnit.assertTrue(AssertJUnit.java:33)\n\tat com.epam.tc.hw4.tests.HomePageFailedTest.checkUserIsLogined(HomePageFailedTest.java:60)\n\tat com.epam.tc.hw4.tests.HomePageFailedTest.homePageFailedTest(HomePageFailedTest.java:36)\n\tat java.base/jdk.internal.reflect.NativeMethodAccessorImpl.invoke0(Native Method)\n\tat java.base/jdk.internal.reflect.NativeMethodAccessorImpl.invoke(NativeMethodAccessorImpl.java:62)\n\tat java.base/jdk.internal.reflect.DelegatingMethodAccessorImpl.invoke(DelegatingMethodAccessorImpl.java:43)\n\tat java.base/java.lang.reflect.Method.invoke(Method.java:566)\n\tat org.testng.internal.MethodInvocationHelper.invokeMethod(MethodInvocationHelper.java:133)\n\tat org.testng.internal.TestInvoker.invokeMethod(TestInvoker.java:598)\n\tat org.testng.internal.TestInvoker.invokeTestMethod(TestInvoker.java:173)\n\tat org.testng.internal.MethodRunner.runInSequence(MethodRunner.java:46)\n\tat org.testng.internal.TestInvoker$MethodInvocationAgent.invoke(TestInvoker.java:824)\n\tat org.testng.internal.TestInvoker.invokeTestMethods(TestInvoker.java:146)\n\tat org.testng.internal.TestMethodWorker.invokeTestMethods(TestMethodWorker.java:146)\n\tat org.testng.internal.TestMethodWorker.run(TestMethodWorker.java:128)\n\tat java.base/java.util.ArrayList.forEach(ArrayList.java:1541)\n\tat org.testng.TestRunner.privateRun(TestRunner.java:794)\n\tat org.testng.TestRunner.run(TestRunner.java:596)\n\tat org.testng.SuiteRunner.runTest(SuiteRunner.java:377)\n\tat org.testng.SuiteRunner.runSequentially(SuiteRunner.java:371)\n\tat org.testng.SuiteRunner.privateRun(SuiteRunner.java:332)\n\tat org.testng.SuiteRunner.run(SuiteRunner.java:276)\n\tat org.testng.SuiteRunnerWorker.runSuite(SuiteRunnerWorker.java:53)\n\tat org.testng.SuiteRunnerWorker.run(SuiteRunnerWorker.java:96)\n\tat org.testng.TestNG.runSuitesSequentially(TestNG.java:1212)\n\tat org.testng.TestNG.runSuitesLocally(TestNG.java:1134)\n\tat org.testng.TestNG.runSuites(TestNG.java:1063)\n\tat org.testng.TestNG.run(TestNG.java:1031)\n\tat com.intellij.rt.testng.IDEARemoteTestNG.run(IDEARemoteTestNG.java:66)\n\tat com.intellij.rt.testng.RemoteTestNGStarter.main(RemoteTestNGStarter.java:109)\n"},"stage":"finished","steps":[],"attachments":[],"parameters":[],"start":1635772880587,"stop":1635772880689}],"attachments":[{"name":"Page screenshot","source":"0f8c3abd-28a8-49a6-9b48-36e4b6412ee5-attachment","type":"image/png"}],"parameters":[],"start":1635772880395,"stop":1635772881077}